{"email":"dearcrush.you@gmail.com","level":"error","message":"Error While Logging using Google","serviceName":"lms-backend","timestamp":"2024-04-03T12:34:02.469Z"}
{"email":"dearcrush.you@gmail.com","level":"error","message":"Error While Login using Google","serviceName":"lms-backend","timestamp":"2024-04-03T12:38:19.091Z"}
{"level":"error","message":"Bad Request","serviceName":"lms-backend","timestamp":"2024-04-03T12:39:38.026Z"}
{"email":"dearcrush.you@gmail.com","level":"error","message":"Error While Login using Google","serviceName":"lms-backend","timestamp":"2024-04-03T12:40:05.403Z"}
{"email":"dearcrush.you@gmail.com","level":"error","message":"Error While Login using Google","serviceName":"lms-backend","timestamp":"2024-04-03T12:41:13.532Z"}
{"level":"error","message":"Bad Request","serviceName":"lms-backend","timestamp":"2024-04-03T12:42:40.804Z"}
{"level":"error","message":"Error while De-serialized User","serviceName":"lms-backend","timestamp":"2024-04-03T12:53:45.087Z"}
{"level":"error","message":"\nInvalid `prisma.user.findUnique()` invocation:\n\n{\n  where: {\n    email: undefined,\n?   id?: Int,\n?   AND?: UserWhereInput | UserWhereInput[],\n?   OR?: UserWhereInput[],\n?   NOT?: UserWhereInput | UserWhereInput[],\n?   name?: StringNullableFilter | String | Null,\n?   provider?: StringFilter | String,\n?   providerId?: StringFilter | String,\n?   created_at?: DateTimeFilter | DateTime,\n?   updated_at?: DateTimeFilter | DateTime,\n?   role?: StringFilter | String,\n?   profile?: StringNullableFilter | String | Null\n  }\n}\n\nArgument `where` of type UserWhereUniqueInput needs at least one of `id` or `email` arguments. Available options are marked with ?.","serviceName":"lms-backend","timestamp":"2024-04-03T12:53:45.090Z"}
{"level":"error","message":"Error while De-serialized User","serviceName":"lms-backend","timestamp":"2024-04-03T12:57:57.006Z"}
{"level":"error","message":"\nInvalid `prisma.user.findUnique()` invocation:\n\n{\n  where: {\n    email: undefined,\n?   id?: Int,\n?   AND?: UserWhereInput | UserWhereInput[],\n?   OR?: UserWhereInput[],\n?   NOT?: UserWhereInput | UserWhereInput[],\n?   name?: StringNullableFilter | String | Null,\n?   provider?: StringFilter | String,\n?   providerId?: StringFilter | String,\n?   created_at?: DateTimeFilter | DateTime,\n?   updated_at?: DateTimeFilter | DateTime,\n?   role?: StringFilter | String,\n?   profile?: StringNullableFilter | String | Null\n  }\n}\n\nArgument `where` of type UserWhereUniqueInput needs at least one of `id` or `email` arguments. Available options are marked with ?.","serviceName":"lms-backend","timestamp":"2024-04-03T12:57:57.007Z"}
{"level":"error","message":"Error while De-serialized User","serviceName":"lms-backend","timestamp":"2024-04-03T12:58:11.249Z"}
{"level":"error","message":"\nInvalid `prisma.user.findUnique()` invocation:\n\n{\n  where: {\n    email: undefined,\n?   id?: Int,\n?   AND?: UserWhereInput | UserWhereInput[],\n?   OR?: UserWhereInput[],\n?   NOT?: UserWhereInput | UserWhereInput[],\n?   name?: StringNullableFilter | String | Null,\n?   provider?: StringFilter | String,\n?   providerId?: StringFilter | String,\n?   created_at?: DateTimeFilter | DateTime,\n?   updated_at?: DateTimeFilter | DateTime,\n?   role?: StringFilter | String,\n?   profile?: StringNullableFilter | String | Null\n  }\n}\n\nArgument `where` of type UserWhereUniqueInput needs at least one of `id` or `email` arguments. Available options are marked with ?.","serviceName":"lms-backend","timestamp":"2024-04-03T12:58:11.250Z"}
{"level":"error","message":"Error while De-serialized User","serviceName":"lms-backend","timestamp":"2024-04-03T12:58:59.455Z"}
{"level":"error","message":"\nInvalid `prisma.user.findUnique()` invocation:\n\n{\n  where: {\n    email: undefined,\n?   id?: Int,\n?   AND?: UserWhereInput | UserWhereInput[],\n?   OR?: UserWhereInput[],\n?   NOT?: UserWhereInput | UserWhereInput[],\n?   name?: StringNullableFilter | String | Null,\n?   provider?: StringFilter | String,\n?   providerId?: StringFilter | String,\n?   created_at?: DateTimeFilter | DateTime,\n?   updated_at?: DateTimeFilter | DateTime,\n?   role?: StringFilter | String,\n?   profile?: StringNullableFilter | String | Null\n  }\n}\n\nArgument `where` of type UserWhereUniqueInput needs at least one of `id` or `email` arguments. Available options are marked with ?.","serviceName":"lms-backend","timestamp":"2024-04-03T12:58:59.458Z"}
{"level":"error","message":"Bad Request","serviceName":"lms-backend","timestamp":"2024-04-04T12:06:50.918Z"}
{"level":"error","message":"Bad Request","serviceName":"lms-backend","timestamp":"2024-04-04T12:59:26.529Z"}
{"level":"error","message":"Cannot read properties of undefined (reading 'id')","serviceName":"lms-backend","timestamp":"2024-04-05T05:33:16.181Z"}
{"level":"error","message":"Cannot read properties of undefined (reading 'id')","serviceName":"lms-backend","timestamp":"2024-04-05T05:34:30.657Z"}
{"level":"error","message":"\nInvalid `prisma.course.create()` invocation:\n\n{\n  data: {\n    userId: 1,\n            ~\n    title: \"\"\n  }\n}\n\nArgument `userId`: Invalid value provided. Expected String, provided Int.","serviceName":"lms-backend","timestamp":"2024-04-05T05:35:44.330Z"}
{"level":"error","message":"\nInvalid `prisma.course.create()` invocation:\n\n{\n  data: {\n    userId: 1,\n            ~\n    title: \"\"\n  }\n}\n\nArgument `userId`: Invalid value provided. Expected String, provided Int.","serviceName":"lms-backend","timestamp":"2024-04-05T05:38:02.421Z"}
{"level":"error","message":"\nInvalid `prisma.course.create()` invocation:\n\n{\n  data: {\n    userId: 1,\n+   title: String\n  }\n}\n\nArgument `title` is missing.","serviceName":"lms-backend","timestamp":"2024-04-05T05:42:55.941Z"}
{"level":"error","message":"\nInvalid `prisma.course.findMany()` invocation:\n\n\nCan't reach database server at `ep-misty-firefly-a10sv9nf.ap-southeast-1.aws.neon.tech`:`5432`\n\nPlease make sure your database server is running at `ep-misty-firefly-a10sv9nf.ap-southeast-1.aws.neon.tech`:`5432`.","serviceName":"lms-backend","timestamp":"2024-04-05T06:03:10.783Z"}
{"level":"error","message":"\nInvalid `prisma.course.findMany()` invocation:\n\n\nCannot select both '$scalars: true' and a specific scalar field 'user'.","serviceName":"lms-backend","timestamp":"2024-04-05T06:08:47.704Z"}
{"level":"error","message":"\nInvalid `prisma.course.findMany()` invocation:\n\n\nCannot select both '$scalars: true' and a specific scalar field 'user'.","serviceName":"lms-backend","timestamp":"2024-04-05T06:08:49.380Z"}
{"level":"error","message":"\nInvalid `prisma.course.findMany()` invocation:\n\n\nCannot select both '$scalars: true' and a specific scalar field 'user'.","serviceName":"lms-backend","timestamp":"2024-04-05T06:09:09.133Z"}
{"level":"error","message":"name is not defined","serviceName":"lms-backend","timestamp":"2024-04-05T06:48:28.001Z"}
{"level":"error","message":"Unexpected end of form","serviceName":"lms-backend","timestamp":"2024-04-06T14:14:07.215Z"}
{"level":"error","message":"Unexpected end of form","serviceName":"lms-backend","timestamp":"2024-04-06T14:14:11.126Z"}
{"level":"error","message":"Unexpected end of form","serviceName":"lms-backend","timestamp":"2024-04-06T14:15:12.060Z"}
{"level":"error","message":"Cannot destructure property 'image' of 'req.file' as it is undefined.","serviceName":"lms-backend","timestamp":"2024-04-06T14:26:05.304Z"}
{"level":"error","message":"The \"path\" argument must be of type string. Received undefined","serviceName":"lms-backend","timestamp":"2024-04-06T14:26:18.140Z"}
{"level":"error","message":"The \"path\" argument must be of type string. Received undefined","serviceName":"lms-backend","timestamp":"2024-04-06T14:26:40.073Z"}
{"level":"error","message":"Cannot read properties of undefined (reading 'originalname')","serviceName":"lms-backend","timestamp":"2024-04-06T14:27:34.159Z"}
{"level":"error","message":"Unexpected end of form","serviceName":"lms-backend","timestamp":"2024-04-06T14:28:09.032Z"}
{"level":"error","message":"Cannot read properties of undefined (reading 'originalname')","serviceName":"lms-backend","timestamp":"2024-04-06T14:29:35.409Z"}
{"level":"error","message":"Unexpected field","serviceName":"lms-backend","timestamp":"2024-04-06T14:31:40.578Z"}
{"level":"error","message":"Unexpected field","serviceName":"lms-backend","timestamp":"2024-04-06T14:32:34.898Z"}
{"level":"error","message":"image is not defined","serviceName":"lms-backend","timestamp":"2024-04-06T14:33:22.214Z"}
{"level":"error","message":"image is not defined","serviceName":"lms-backend","timestamp":"2024-04-06T14:34:08.013Z"}
{"level":"error","message":"Unexpected field","serviceName":"lms-backend","timestamp":"2024-04-06T17:15:30.136Z"}
{"level":"error","message":"fs is not defined","serviceName":"lms-backend","timestamp":"2024-04-06T17:19:22.413Z"}
{"level":"error","message":"\nInvalid `prisma.course.update()` invocation:\n\n{\n  where: {\n    id: undefined,\n?   AND?: CourseWhereInput | CourseWhereInput[],\n?   OR?: CourseWhereInput[],\n?   NOT?: CourseWhereInput | CourseWhereInput[],\n?   userId?: IntFilter | Int,\n?   title?: StringFilter | String,\n?   description?: StringNullableFilter | String | Null,\n?   imageUrl?: StringNullableFilter | String | Null,\n?   price?: FloatNullableFilter | Float | Null,\n?   isPublished?: BoolFilter | Boolean,\n?   imagePublicId?: StringNullableFilter | String | Null,\n?   categoryId?: StringNullableFilter | String | Null,\n?   createdAt?: DateTimeFilter | DateTime,\n?   updatedAt?: DateTimeFilter | DateTime,\n?   user?: UserRelationFilter | UserWhereInput,\n?   category?: CategoryNullableRelationFilter | CategoryWhereInput | Null\n  },\n  data: {\n    imageUrl: \"https://res.cloudinary.com/dtdbuvbto/image/upload/v1712477408/thumbnail/stgdmcqvkrrmc5lvw87h.jpg\",\n    imagePublicId: \"thumbnail/stgdmcqvkrrmc5lvw87h\"\n  }\n}\n\nArgument `where` of type CourseWhereUniqueInput needs at least one of `id` arguments. Available options are marked with ?.","serviceName":"lms-backend","timestamp":"2024-04-07T08:10:11.777Z"}
{"level":"error","message":"File too large","serviceName":"lms-backend","timestamp":"2024-04-07T08:31:48.582Z"}
{"level":"error","message":"\nInvalid `prisma.course.update()` invocation:\n\n{\n  where: {\n    id: undefined,\n?   AND?: CourseWhereInput | CourseWhereInput[],\n?   OR?: CourseWhereInput[],\n?   NOT?: CourseWhereInput | CourseWhereInput[],\n?   userId?: IntFilter | Int,\n?   title?: StringFilter | String,\n?   description?: StringNullableFilter | String | Null,\n?   imageUrl?: StringNullableFilter | String | Null,\n?   price?: FloatNullableFilter | Float | Null,\n?   isPublished?: BoolFilter | Boolean,\n?   imagePublicId?: StringNullableFilter | String | Null,\n?   categoryId?: StringNullableFilter | String | Null,\n?   createdAt?: DateTimeFilter | DateTime,\n?   updatedAt?: DateTimeFilter | DateTime,\n?   user?: UserRelationFilter | UserWhereInput,\n?   category?: CategoryNullableRelationFilter | CategoryWhereInput | Null\n  },\n  data: {\n    imageUrl: \"https://res.cloudinary.com/dtdbuvbto/image/upload/v1712479222/thumbnail/fwltfaiffi5kjpt4r8il.jpg\",\n    imagePublicId: \"5fec2179a6e399e73be5fbc8a4edbc26\"\n  }\n}\n\nArgument `where` of type CourseWhereUniqueInput needs at least one of `id` arguments. Available options are marked with ?.","serviceName":"lms-backend","timestamp":"2024-04-07T08:40:25.600Z"}
{"level":"error","message":"\nInvalid `prisma.chapter.create()` invocation:\n\n{\n  data: {\n    title: \"intro of react\",\n    userId: 1,\n+   position: Int\n  }\n}\n\nArgument `position` is missing.","serviceName":"lms-backend","timestamp":"2024-04-09T18:09:19.542Z"}
{"level":"error","message":"db is not defined","serviceName":"lms-backend","timestamp":"2024-04-09T18:13:45.044Z"}
{"level":"error","message":"\nInvalid `prisma.chapter.create()` invocation:\n\n{\n  data: {\n    title: \"intro of react\",\n    userId: 1,\n    ~~~~~~\n    courseId: \"a3315c83-1213-489c-9474-559b9750fefb\",\n    position: 1,\n?   id?: String,\n?   description?: String | Null,\n?   videoUrl?: String | Null,\n?   isPublished?: Boolean,\n?   isFree?: Boolean,\n?   createdAt?: DateTime,\n?   updatedAt?: DateTime\n  }\n}\n\nUnknown argument `userId`. Available options are marked with ?.","serviceName":"lms-backend","timestamp":"2024-04-09T18:13:59.369Z"}
{"level":"error","message":"Cannot read properties of undefined (reading 'Assets')","serviceName":"lms-backend","timestamp":"2024-04-10T10:17:11.817Z"}
{"level":"error","message":"Unexpected field","serviceName":"lms-backend","timestamp":"2024-04-10T10:41:46.988Z"}
{"level":"error","message":"Unexpected field","serviceName":"lms-backend","timestamp":"2024-04-10T10:44:23.057Z"}
{"level":"error","message":"400 {\"error\":{\"type\":\"invalid_parameters\",\"messages\":[\"invalid input URL, parsing failed: parse \\\"public\\\\\\\\temp\\\\\\\\pexels_videos_2278095 (1080p).mp4\\\": invalid URI for request\"]}}","serviceName":"lms-backend","timestamp":"2024-04-10T10:53:00.463Z"}
{"level":"error","message":"\nInvalid `prisma.attachment.create()` invocation:\n\n{\n  data: {\n    chapterId: \"6e26f3d4-c5ac-4537-8fe9-c53be2f8a105\",\n    url: \"https://res.cloudinary.com/dtdbuvbto/image/upload/v1712754147/attachment/m5hdojr8bmekxvewhdzp.pdf\",\n+   name: String\n  }\n}\n\nArgument `name` is missing.","serviceName":"lms-backend","timestamp":"2024-04-10T13:02:29.170Z"}
{"level":"error","message":"\nInvalid `prisma.attachment.create()` invocation:\n\n{\n  data: {\n    chapterId: \"6e26f3d4-c5ac-4537-8fe9-c53be2f8a105\",\n    url: \"https://res.cloudinary.com/dtdbuvbto/image/upload/v1712754197/attachment/byejy4qwnwyhejhyb3cg.pdf\",\n+   name: String\n  }\n}\n\nArgument `name` is missing.","serviceName":"lms-backend","timestamp":"2024-04-10T13:03:19.533Z"}
{"level":"error","message":"\nInvalid `prisma.attachment.create()` invocation:\n\n{\n  data: {\n    chapterId: \"6e26f3d4-c5ac-4537-8fe9-c53be2f8a105\",\n    url: \"https://res.cloudinary.com/dtdbuvbto/image/upload/v1712754734/attachment/gvilv93vk0tbsmi3ujth.pdf\",\n    name: \"developer (1)\",\n    publicId: \"attachment/gvilv93vk0tbsmi3ujth\",\n    ~~~~~~~~\n?   id?: String,\n?   courseId?: String | Null,\n?   createdAt?: DateTime,\n?   updatedAt?: DateTime\n  }\n}\n\nUnknown argument `publicId`. Available options are marked with ?.","serviceName":"lms-backend","timestamp":"2024-04-10T13:12:16.295Z"}
{"level":"error","message":"error is not defined","serviceName":"lms-backend","timestamp":"2024-04-10T13:52:42.740Z"}
{"level":"error","message":"\nInvalid `prisma.user.create()` invocation:\n\n{\n  data: {\n    email: \"sid@test.com\",\n    password: \"$2b$10$IVbP4J/HFsKF2FpA55IJrezIQnk/zVgO6M4NuUhvvjMTnozGj8AV.\",\n+   provider: String\n  }\n}\n\nArgument `provider` is missing.","serviceName":"lms-backend","timestamp":"2024-04-15T07:08:46.488Z"}
{"level":"error","message":"Cannot read properties of undefined (reading 'id')","serviceName":"lms-backend","timestamp":"2024-04-15T07:25:27.090Z"}
{"level":"error","message":"Cannot read properties of undefined (reading 'id')","serviceName":"lms-backend","timestamp":"2024-04-15T07:36:54.040Z"}
{"level":"error","message":"Cannot read properties of undefined (reading 'role')","serviceName":"lms-backend","timestamp":"2024-04-15T07:43:22.712Z"}
{"level":"error","message":"Cannot read properties of undefined (reading 'role')","serviceName":"lms-backend","timestamp":"2024-04-15T07:45:06.786Z"}
{"level":"error","message":"Cannot read properties of undefined (reading 'role')","serviceName":"lms-backend","timestamp":"2024-04-15T07:46:05.248Z"}
{"level":"error","message":"Access Denied","serviceName":"lms-backend","timestamp":"2024-04-15T07:48:51.128Z"}
{"level":"error","message":"Access Denied","serviceName":"lms-backend","timestamp":"2024-04-15T07:52:09.297Z"}
{"level":"error","message":"Cannot read properties of null (reading 'password')","serviceName":"lms-backend","timestamp":"2024-04-15T19:03:04.935Z"}
{"level":"error","message":"Cannot read properties of null (reading 'password')","serviceName":"lms-backend","timestamp":"2024-04-15T19:03:38.890Z"}
{"level":"error","message":"Cannot read properties of null (reading 'password')","serviceName":"lms-backend","timestamp":"2024-04-15T19:04:54.125Z"}
{"level":"error","message":"\nInvalid `prisma.category.findMany()` invocation:\n\n{\n  include: {\n    id: true,\n    ~~\n    name: true,\n?   courses?: true\n  }\n}\n\nInvalid scalar field `id` for include statement on model Category. Available options are marked with ?.\nNote that include statements only accept relation fields.","serviceName":"lms-backend","timestamp":"2024-04-16T14:17:46.362Z"}
{"level":"error","message":"\nInvalid `prisma.category.findMany()` invocation:\n\n{\n  include: {\n    id: true,\n    ~~\n    name: true,\n?   courses?: true\n  }\n}\n\nInvalid scalar field `id` for include statement on model Category. Available options are marked with ?.\nNote that include statements only accept relation fields.","serviceName":"lms-backend","timestamp":"2024-04-16T14:17:56.155Z"}
{"level":"error","message":"Access Denied","serviceName":"lms-backend","timestamp":"2024-04-17T13:01:39.809Z"}
{"level":"error","message":"Access Denied","serviceName":"lms-backend","timestamp":"2024-04-17T13:10:13.881Z"}
{"level":"error","message":"Access Denied","serviceName":"lms-backend","timestamp":"2024-04-17T13:13:59.427Z"}
{"level":"error","message":"Access Denied","serviceName":"lms-backend","timestamp":"2024-04-17T13:15:02.199Z"}
{"level":"error","message":"\nInvalid `prisma.user.findUnique()` invocation:\n\n\nCan't reach database server at `ep-misty-firefly-a10sv9nf.ap-southeast-1.aws.neon.tech`:`5432`\n\nPlease make sure your database server is running at `ep-misty-firefly-a10sv9nf.ap-southeast-1.aws.neon.tech`:`5432`.","serviceName":"lms-backend","timestamp":"2024-04-18T08:12:06.043Z"}
{"level":"error","message":"\nInvalid `prisma.user.findUnique()` invocation:\n\n\nCan't reach database server at `ep-misty-firefly-a10sv9nf.ap-southeast-1.aws.neon.tech`:`5432`\n\nPlease make sure your database server is running at `ep-misty-firefly-a10sv9nf.ap-southeast-1.aws.neon.tech`:`5432`.","serviceName":"lms-backend","timestamp":"2024-04-18T08:12:59.819Z"}
{"level":"error","message":"\nInvalid `prisma.user.findUnique()` invocation:\n\n\nCan't reach database server at `ep-misty-firefly-a10sv9nf.ap-southeast-1.aws.neon.tech`:`5432`\n\nPlease make sure your database server is running at `ep-misty-firefly-a10sv9nf.ap-southeast-1.aws.neon.tech`:`5432`.","serviceName":"lms-backend","timestamp":"2024-04-18T08:16:17.602Z"}
{"level":"error","message":"\nInvalid `prisma.user.findUnique()` invocation:\n\n\nCan't reach database server at `ep-misty-firefly-a10sv9nf.ap-southeast-1.aws.neon.tech`:`5432`\n\nPlease make sure your database server is running at `ep-misty-firefly-a10sv9nf.ap-southeast-1.aws.neon.tech`:`5432`.","serviceName":"lms-backend","timestamp":"2024-04-18T08:16:39.722Z"}
{"level":"error","message":"\nInvalid `prisma.user.findUnique()` invocation:\n\n\nCan't reach database server at `ep-misty-firefly-a10sv9nf.ap-southeast-1.aws.neon.tech`:`5432`\n\nPlease make sure your database server is running at `ep-misty-firefly-a10sv9nf.ap-southeast-1.aws.neon.tech`:`5432`.","serviceName":"lms-backend","timestamp":"2024-04-18T08:16:55.759Z"}
{"level":"error","message":"\nInvalid `prisma.user.findUnique()` invocation:\n\n\nCan't reach database server at `ep-misty-firefly-a10sv9nf.ap-southeast-1.aws.neon.tech`:`5432`\n\nPlease make sure your database server is running at `ep-misty-firefly-a10sv9nf.ap-southeast-1.aws.neon.tech`:`5432`.","serviceName":"lms-backend","timestamp":"2024-04-18T08:17:31.749Z"}
{"level":"error","message":"\nInvalid `prisma.user.findUnique()` invocation:\n\n\nCan't reach database server at `ep-misty-firefly-a10sv9nf.ap-southeast-1.aws.neon.tech`:`5432`\n\nPlease make sure your database server is running at `ep-misty-firefly-a10sv9nf.ap-southeast-1.aws.neon.tech`:`5432`.","serviceName":"lms-backend","timestamp":"2024-04-18T08:18:28.290Z"}
{"level":"error","message":"\nInvalid `prisma.user.findUnique()` invocation:\n\n\nCan't reach database server at `ep-misty-firefly-a10sv9nf.ap-southeast-1.aws.neon.tech`:`5432`\n\nPlease make sure your database server is running at `ep-misty-firefly-a10sv9nf.ap-southeast-1.aws.neon.tech`:`5432`.","serviceName":"lms-backend","timestamp":"2024-04-18T08:18:42.927Z"}
{"level":"error","message":"\nInvalid `prisma.user.findUnique()` invocation:\n\n\nCan't reach database server at `ep-misty-firefly-a10sv9nf.ap-southeast-1.aws.neon.tech`:`5432`\n\nPlease make sure your database server is running at `ep-misty-firefly-a10sv9nf.ap-southeast-1.aws.neon.tech`:`5432`.","serviceName":"lms-backend","timestamp":"2024-04-18T08:21:21.222Z"}
{"level":"error","message":"\nInvalid `prisma.user.findUnique()` invocation:\n\n\nCan't reach database server at `ep-misty-firefly-a10sv9nf.ap-southeast-1.aws.neon.tech`:`5432`\n\nPlease make sure your database server is running at `ep-misty-firefly-a10sv9nf.ap-southeast-1.aws.neon.tech`:`5432`.","serviceName":"lms-backend","timestamp":"2024-04-18T08:21:26.824Z"}
{"level":"error","message":"\nInvalid `prisma.user.findUnique()` invocation:\n\n\nCan't reach database server at `ep-misty-firefly-a10sv9nf.ap-southeast-1.aws.neon.tech`:`5432`\n\nPlease make sure your database server is running at `ep-misty-firefly-a10sv9nf.ap-southeast-1.aws.neon.tech`:`5432`.","serviceName":"lms-backend","timestamp":"2024-04-18T08:21:52.942Z"}
{"level":"error","message":"Cannot read properties of undefined (reading 'path')","serviceName":"lms-backend","timestamp":"2024-04-18T19:34:15.182Z"}
{"level":"error","message":"Cannot read properties of undefined (reading 'path')","serviceName":"lms-backend","timestamp":"2024-04-18T19:35:07.032Z"}
{"level":"error","message":"Cannot read properties of undefined (reading 'path')","serviceName":"lms-backend","timestamp":"2024-04-18T19:35:23.010Z"}
{"level":"error","message":"Cannot read properties of undefined (reading 'path')","serviceName":"lms-backend","timestamp":"2024-04-18T19:37:53.470Z"}
{"level":"error","message":"Cannot read properties of undefined (reading 'path')","serviceName":"lms-backend","timestamp":"2024-04-18T19:42:17.174Z"}
{"level":"error","message":"Cannot read properties of undefined (reading 'path')","serviceName":"lms-backend","timestamp":"2024-04-18T19:43:04.752Z"}
{"level":"error","message":"Cannot read properties of undefined (reading 'path')","serviceName":"lms-backend","timestamp":"2024-04-18T19:49:47.893Z"}
{"level":"error","message":"Cannot read properties of undefined (reading 'path')","serviceName":"lms-backend","timestamp":"2024-04-18T19:50:21.291Z"}
{"level":"error","message":"Cannot read properties of undefined (reading 'path')","serviceName":"lms-backend","timestamp":"2024-04-18T19:50:53.091Z"}
{"level":"error","message":"Cannot read properties of undefined (reading 'path')","serviceName":"lms-backend","timestamp":"2024-04-18T19:51:17.601Z"}
{"level":"error","message":"Cannot read properties of undefined (reading 'path')","serviceName":"lms-backend","timestamp":"2024-04-18T19:51:47.439Z"}
{"level":"error","message":"Cannot read properties of undefined (reading 'path')","serviceName":"lms-backend","timestamp":"2024-04-18T19:55:45.260Z"}
{"level":"error","message":"Cannot read properties of undefined (reading 'path')","serviceName":"lms-backend","timestamp":"2024-04-18T19:56:12.401Z"}
{"level":"error","message":"Unexpected token '-', \"------WebK\"... is not valid JSON","serviceName":"lms-backend","timestamp":"2024-04-18T20:00:34.514Z"}
{"level":"error","message":"Unexpected token '-', \"------WebK\"... is not valid JSON","serviceName":"lms-backend","timestamp":"2024-04-18T20:02:08.551Z"}
{"level":"error","message":"request entity too large","serviceName":"lms-backend","timestamp":"2024-04-18T20:03:56.282Z"}
{"level":"error","message":"request entity too large","serviceName":"lms-backend","timestamp":"2024-04-18T20:04:26.396Z"}
{"level":"error","message":"Unexpected token '-', \"------WebK\"... is not valid JSON","serviceName":"lms-backend","timestamp":"2024-04-18T20:05:27.100Z"}
{"level":"error","message":"Unexpected token '-', \"------WebK\"... is not valid JSON","serviceName":"lms-backend","timestamp":"2024-04-18T20:08:55.057Z"}
{"level":"error","message":"request entity too large","serviceName":"lms-backend","timestamp":"2024-04-18T20:09:58.495Z"}
{"level":"error","message":"request entity too large","serviceName":"lms-backend","timestamp":"2024-04-18T20:11:35.227Z"}
{"level":"error","message":"request entity too large","serviceName":"lms-backend","timestamp":"2024-04-18T20:12:40.941Z"}
{"level":"error","message":"Unexpected token '-', \"------WebK\"... is not valid JSON","serviceName":"lms-backend","timestamp":"2024-04-18T20:15:04.050Z"}
{"level":"error","message":"request entity too large","serviceName":"lms-backend","timestamp":"2024-04-18T20:15:59.594Z"}
{"level":"error","message":"Unexpected token '-', \"------WebK\"... is not valid JSON","serviceName":"lms-backend","timestamp":"2024-04-18T20:16:30.664Z"}
{"level":"error","message":"Cannot read properties of undefined (reading 'path')","serviceName":"lms-backend","timestamp":"2024-04-18T20:29:33.305Z"}
{"level":"error","message":"request entity too large","serviceName":"lms-backend","timestamp":"2024-04-18T20:30:33.074Z"}
{"level":"error","message":"Cannot read properties of undefined (reading 'path')","serviceName":"lms-backend","timestamp":"2024-04-18T20:38:06.629Z"}
{"level":"error","message":"Cannot read properties of undefined (reading 'path')","serviceName":"lms-backend","timestamp":"2024-04-18T20:49:51.354Z"}
{"level":"error","message":"Cannot read properties of undefined (reading 'path')","serviceName":"lms-backend","timestamp":"2024-04-18T20:50:55.225Z"}
{"level":"error","message":"Multipart: Boundary not found","serviceName":"lms-backend","timestamp":"2024-04-18T20:51:29.999Z"}
{"level":"error","message":"Multipart: Boundary not found","serviceName":"lms-backend","timestamp":"2024-04-18T20:55:37.859Z"}
{"level":"error","message":"Multipart: Boundary not found","serviceName":"lms-backend","timestamp":"2024-04-19T07:54:19.208Z"}
{"level":"error","message":"Multipart: Boundary not found","serviceName":"lms-backend","timestamp":"2024-04-19T07:54:53.609Z"}
{"level":"error","message":"Multipart: Boundary not found","serviceName":"lms-backend","timestamp":"2024-04-19T07:57:11.611Z"}
{"level":"error","message":"Multipart: Boundary not found","serviceName":"lms-backend","timestamp":"2024-04-19T07:57:47.674Z"}
{"level":"error","message":"Multipart: Boundary not found","serviceName":"lms-backend","timestamp":"2024-04-19T07:59:28.935Z"}
{"level":"error","message":"Multipart: Boundary not found","serviceName":"lms-backend","timestamp":"2024-04-19T08:01:44.983Z"}
{"level":"error","message":"File too large","serviceName":"lms-backend","timestamp":"2024-04-19T08:04:55.142Z"}
{"level":"error","message":"\nInvalid `prisma.course.update()` invocation:\n\n{\n  where: {\n    id: undefined,\n    userId: 6,\n?   AND?: CourseWhereInput | CourseWhereInput[],\n?   OR?: CourseWhereInput[],\n?   NOT?: CourseWhereInput | CourseWhereInput[],\n?   title?: StringFilter | String,\n?   description?: StringNullableFilter | String | Null,\n?   imageUrl?: StringNullableFilter | String | Null,\n?   price?: FloatNullableFilter | Float | Null,\n?   isPublished?: BoolFilter | Boolean,\n?   imagePublicId?: StringNullableFilter | String | Null,\n?   categoryId?: StringNullableFilter | String | Null,\n?   createdAt?: DateTimeFilter | DateTime,\n?   updatedAt?: DateTimeFilter | DateTime,\n?   user?: UserRelationFilter | UserWhereInput,\n?   category?: CategoryNullableRelationFilter | CategoryWhereInput | Null,\n?   chapters?: ChapterListRelationFilter,\n?   purchases?: PurchaseListRelationFilter\n  },\n  data: {\n    imageUrl: \"https://res.cloudinary.com/dtdbuvbto/image/upload/v1713513923/thumbnail/dr6ll9cydo957inv6lac.png\",\n    imagePublicId: \"e8baf311f206025ec8531c1afec78b43\"\n  }\n}\n\nArgument `where` of type CourseWhereUniqueInput needs at least one of `id` arguments. Available options are marked with ?.","serviceName":"lms-backend","timestamp":"2024-04-19T08:05:27.781Z"}
{"level":"error","message":"\nInvalid `prisma.course.update()` invocation:\n\n\nAn operation failed because it depends on one or more records that were required but not found. Record to update not found.","serviceName":"lms-backend","timestamp":"2024-04-19T08:21:10.179Z"}
{"level":"error","message":"\nInvalid `prisma.course.update()` invocation:\n\n\nAn operation failed because it depends on one or more records that were required but not found. Record to update not found.","serviceName":"lms-backend","timestamp":"2024-04-19T08:22:29.627Z"}
{"level":"error","message":"prisma.findUnique is not a function","serviceName":"lms-backend","timestamp":"2024-04-20T06:39:40.607Z"}
{"level":"error","message":"Cannot read properties of undefined (reading 'id')","serviceName":"lms-backend","timestamp":"2024-04-20T07:02:48.084Z"}
{"level":"error","message":"Cannot read properties of undefined (reading 'id')","serviceName":"lms-backend","timestamp":"2024-04-20T07:03:16.762Z"}
{"level":"error","message":"\nInvalid `prisma.chapter.update()` invocation:\n\n{\n  where: {\n    id: undefined,\n    userId: 6,\n?   AND?: ChapterWhereInput | ChapterWhereInput[],\n?   OR?: ChapterWhereInput[],\n?   NOT?: ChapterWhereInput | ChapterWhereInput[],\n?   title?: StringFilter | String,\n?   description?: StringNullableFilter | String | Null,\n?   videoUrl?: StringNullableFilter | String | Null,\n?   position?: IntFilter | Int,\n?   isPublished?: BoolFilter | Boolean,\n?   isFree?: BoolFilter | Boolean,\n?   courseId?: StringFilter | String,\n?   createdAt?: DateTimeFilter | DateTime,\n?   updatedAt?: DateTimeFilter | DateTime,\n?   course?: CourseRelationFilter | CourseWhereInput,\n?   muxData?: MuxDataNullableRelationFilter | MuxDataWhereInput | Null,\n?   attachment?: AttachmentListRelationFilter,\n?   userProgress?: UserProgressListRelationFilter\n  },\n  data: {\n    description: undefined,\n    videoUrl: undefined,\n    position: undefined,\n    isFree: undefined,\n    title: undefined\n  }\n}\n\nArgument `where` of type ChapterWhereUniqueInput needs at least one of `id` arguments. Available options are marked with ?.","serviceName":"lms-backend","timestamp":"2024-04-20T07:04:08.323Z"}
{"level":"error","message":"list is not iterable","serviceName":"lms-backend","timestamp":"2024-04-20T07:05:15.025Z"}
{"level":"error","message":"list is not iterable","serviceName":"lms-backend","timestamp":"2024-04-20T07:06:05.999Z"}
{"level":"error","message":"list is not iterable","serviceName":"lms-backend","timestamp":"2024-04-20T07:06:46.316Z"}
{"level":"error","message":"list is not iterable","serviceName":"lms-backend","timestamp":"2024-04-20T07:07:44.030Z"}
{"level":"error","message":"File too large","serviceName":"lms-backend","timestamp":"2024-04-20T10:51:26.539Z"}
{"level":"error","message":"Cannot read properties of undefined (reading 'path')","serviceName":"lms-backend","timestamp":"2024-04-20T10:51:49.765Z"}
{"level":"error","message":"Cannot read properties of undefined (reading 'path')","serviceName":"lms-backend","timestamp":"2024-04-20T10:53:20.095Z"}
{"level":"error","message":"\nInvalid `prisma.chapter.update()` invocation:\n\n\nAn operation failed because it depends on one or more records that were required but not found. Record to update not found.","serviceName":"lms-backend","timestamp":"2024-04-20T10:54:24.861Z"}
{"level":"error","message":"\nInvalid `prisma.user.findUnique()` invocation:\n\n\nCan't reach database server at `ep-misty-firefly-a10sv9nf.ap-southeast-1.aws.neon.tech`:`5432`\n\nPlease make sure your database server is running at `ep-misty-firefly-a10sv9nf.ap-southeast-1.aws.neon.tech`:`5432`.","serviceName":"lms-backend","timestamp":"2024-04-20T11:10:38.414Z"}
{"level":"error","message":"EPERM: operation not permitted, open 'D:\\PRO-Projects\\lms-backend\\backend\\public\\temp\\flow.mp4'","serviceName":"lms-backend","timestamp":"2024-04-20T11:33:03.905Z"}
{"level":"error","message":"\nInvalid `prisma.chapter.findUnique()` invocation:\n\n\nCannot select both '$scalars: true' and a specific scalar field 'attachment'.","serviceName":"lms-backend","timestamp":"2024-04-20T12:19:07.622Z"}
{"level":"error","message":"\nInvalid `prisma.chapter.findUnique()` invocation:\n\n\nCannot select both '$scalars: true' and a specific scalar field 'attachment'.","serviceName":"lms-backend","timestamp":"2024-04-20T12:19:22.538Z"}
{"level":"error","message":"\nInvalid `prisma.chapter.findUnique()` invocation:\n\n\nCannot select both '$scalars: true' and a specific scalar field 'attachment'.","serviceName":"lms-backend","timestamp":"2024-04-20T12:23:42.603Z"}
{"level":"error","message":"\nInvalid `prisma.chapter.findUnique()` invocation:\n\n\nCannot select both '$scalars: true' and a specific scalar field 'attachment'.","serviceName":"lms-backend","timestamp":"2024-04-20T12:24:07.029Z"}
{"level":"error","message":"\nInvalid `prisma.user.findUnique()` invocation:\n\n\nCan't reach database server at `ep-misty-firefly-a10sv9nf.ap-southeast-1.aws.neon.tech`:`5432`\n\nPlease make sure your database server is running at `ep-misty-firefly-a10sv9nf.ap-southeast-1.aws.neon.tech`:`5432`.","serviceName":"lms-backend","timestamp":"2024-04-20T12:26:07.306Z"}
{"level":"error","message":"\nInvalid `prisma.user.findUnique()` invocation:\n\n\nCan't reach database server at `ep-misty-firefly-a10sv9nf.ap-southeast-1.aws.neon.tech`:`5432`\n\nPlease make sure your database server is running at `ep-misty-firefly-a10sv9nf.ap-southeast-1.aws.neon.tech`:`5432`.","serviceName":"lms-backend","timestamp":"2024-04-20T12:26:26.708Z"}
{"level":"error","message":"\nInvalid `prisma.user.findUnique()` invocation:\n\n\nCan't reach database server at `ep-misty-firefly-a10sv9nf.ap-southeast-1.aws.neon.tech`:`5432`\n\nPlease make sure your database server is running at `ep-misty-firefly-a10sv9nf.ap-southeast-1.aws.neon.tech`:`5432`.","serviceName":"lms-backend","timestamp":"2024-04-20T12:26:46.882Z"}
{"level":"error","message":"\nInvalid `prisma.chapter.findUnique()` invocation:\n\n\nCannot select both '$scalars: true' and a specific scalar field 'attachment'.","serviceName":"lms-backend","timestamp":"2024-04-20T12:27:44.262Z"}
{"level":"error","message":"\nInvalid `prisma.category.findMany()` invocation:\n\n\nCan't reach database server at `ep-misty-firefly-a10sv9nf.ap-southeast-1.aws.neon.tech`:`5432`\n\nPlease make sure your database server is running at `ep-misty-firefly-a10sv9nf.ap-southeast-1.aws.neon.tech`:`5432`.","serviceName":"lms-backend","timestamp":"2024-04-20T12:48:19.225Z"}
{"level":"error","message":"\nInvalid `prisma.user.findUnique()` invocation:\n\n\nCan't reach database server at `ep-misty-firefly-a10sv9nf.ap-southeast-1.aws.neon.tech`:`5432`\n\nPlease make sure your database server is running at `ep-misty-firefly-a10sv9nf.ap-southeast-1.aws.neon.tech`:`5432`.","serviceName":"lms-backend","timestamp":"2024-04-20T12:48:19.231Z"}
{"level":"error","message":"Unexpected field","serviceName":"lms-backend","timestamp":"2024-04-20T14:34:13.636Z"}
{"level":"error","message":"params is not defined","serviceName":"lms-backend","timestamp":"2024-04-20T17:45:11.358Z"}
{"level":"error","message":"params is not defined","serviceName":"lms-backend","timestamp":"2024-04-20T17:47:25.715Z"}
{"level":"error","message":"Cannot read properties of undefined (reading 'id')","serviceName":"lms-backend","timestamp":"2024-04-20T17:50:28.854Z"}
{"level":"error","message":"course is not defined","serviceName":"lms-backend","timestamp":"2024-04-20T19:37:58.941Z"}
{"level":"error","message":"userId is not defined","serviceName":"lms-backend","timestamp":"2024-04-22T09:58:05.918Z"}
{"level":"error","message":"userId is not defined","serviceName":"lms-backend","timestamp":"2024-04-22T09:58:11.202Z"}
{"level":"error","message":"Cannot set headers after they are sent to the client","serviceName":"lms-backend","timestamp":"2024-04-22T09:58:11.222Z"}
{"level":"error","message":"Cannot set headers after they are sent to the client","serviceName":"lms-backend","timestamp":"2024-04-22T09:58:12.059Z"}
{"level":"error","message":"Cannot set headers after they are sent to the client","serviceName":"lms-backend","timestamp":"2024-04-22T09:58:12.514Z"}
{"level":"error","message":"userId is not defined","serviceName":"lms-backend","timestamp":"2024-04-22T09:58:55.833Z"}
{"level":"error","message":"Cannot set headers after they are sent to the client","serviceName":"lms-backend","timestamp":"2024-04-22T09:58:56.335Z"}
{"level":"error","message":"Cannot set headers after they are sent to the client","serviceName":"lms-backend","timestamp":"2024-04-22T09:58:57.621Z"}
{"level":"error","message":"userId is not defined","serviceName":"lms-backend","timestamp":"2024-04-22T10:05:37.261Z"}
{"level":"error","message":"userId is not defined","serviceName":"lms-backend","timestamp":"2024-04-22T10:05:37.496Z"}
{"level":"error","message":"Cannot set headers after they are sent to the client","serviceName":"lms-backend","timestamp":"2024-04-22T10:05:38.692Z"}
{"level":"error","message":"Cannot set headers after they are sent to the client","serviceName":"lms-backend","timestamp":"2024-04-22T10:05:38.838Z"}
{"level":"error","message":"Cannot set headers after they are sent to the client","serviceName":"lms-backend","timestamp":"2024-04-22T10:05:38.933Z"}
{"level":"error","message":"\nInvalid `prisma.course.findUnique()` invocation:\n\n{\n  where: {\n    id: \"34ea041e-60ba-468b-8a67-6d48725a5fe0\"\n  },\n  include: {\n    chapters: {\n      where: {\n        isPublished: true\n      },\n      include: {\n        userProgress: {\n          where: {\n            userId: 5\n                    ~\n          }\n        }\n      },\n      orderBy: {\n        position: \"asc\"\n      }\n    }\n  }\n}\n\nArgument `userId`: Invalid value provided. Expected StringFilter or String, provided Int.","serviceName":"lms-backend","timestamp":"2024-04-22T10:07:24.171Z"}
{"level":"error","message":"\nInvalid `prisma.course.findUnique()` invocation:\n\n{\n  where: {\n    id: \"undefined\"\n  },\n  include: {\n    chapters: {\n      where: {\n        isPublished: true\n      },\n      include: {\n        userProgress: {\n          where: {\n            userId: 5\n                    ~\n          }\n        }\n      },\n      orderBy: {\n        position: \"asc\"\n      }\n    }\n  }\n}\n\nArgument `userId`: Invalid value provided. Expected StringFilter or String, provided Int.","serviceName":"lms-backend","timestamp":"2024-04-22T10:07:25.189Z"}
{"level":"error","message":"Cannot set headers after they are sent to the client","serviceName":"lms-backend","timestamp":"2024-04-22T10:07:25.524Z"}
{"level":"error","message":"\nInvalid `prisma.course.findUnique()` invocation:\n\n{\n  where: {\n    id: \"34ea041e-60ba-468b-8a67-6d48725a5fe0\",\n    userId: 5\n  },\n  include: {\n    chapters: {\n      where: {\n        isPublished: true\n      },\n      include: {\n        userProgress: {\n          where: {\n            userId: 5\n                    ~\n          }\n        }\n      },\n      orderBy: {\n        position: \"asc\"\n      }\n    }\n  }\n}\n\nArgument `userId`: Invalid value provided. Expected StringFilter or String, provided Int.","serviceName":"lms-backend","timestamp":"2024-04-22T10:09:25.428Z"}
{"level":"error","message":"\nInvalid `prisma.course.findUnique()` invocation:\n\n{\n  where: {\n    id: \"undefined\",\n    userId: 5\n  },\n  include: {\n    chapters: {\n      where: {\n        isPublished: true\n      },\n      include: {\n        userProgress: {\n          where: {\n            userId: 5\n                    ~\n          }\n        }\n      },\n      orderBy: {\n        position: \"asc\"\n      }\n    }\n  }\n}\n\nArgument `userId`: Invalid value provided. Expected StringFilter or String, provided Int.","serviceName":"lms-backend","timestamp":"2024-04-22T10:09:26.376Z"}
{"level":"error","message":"Cannot set headers after they are sent to the client","serviceName":"lms-backend","timestamp":"2024-04-22T10:09:27.674Z"}
{"level":"error","message":"\nInvalid `prisma.course.findUnique()` invocation:\n\n{\n  where: {\n    id: \"undefined\",\n    userId: 5\n  },\n  include: {\n    chapters: {\n      where: {\n        isPublished: true\n      },\n      include: {\n        userProgress: {\n          where: {\n            userId: 5\n                    ~\n          }\n        }\n      },\n      orderBy: {\n        position: \"asc\"\n      }\n    }\n  }\n}\n\nArgument `userId`: Invalid value provided. Expected StringFilter or String, provided Int.","serviceName":"lms-backend","timestamp":"2024-04-22T10:22:04.188Z"}
{"level":"error","message":"Cannot set headers after they are sent to the client","serviceName":"lms-backend","timestamp":"2024-04-22T10:22:04.498Z"}
{"level":"error","message":"Cannot set headers after they are sent to the client","serviceName":"lms-backend","timestamp":"2024-04-22T10:22:04.518Z"}
{"level":"error","message":"\nInvalid `prisma.course.findUnique()` invocation:\n\n{\n  where: {\n    id: \"undefined\",\n    userId: 5\n  },\n  include: {\n    chapters: {\n      where: {\n        isPublished: true\n      },\n      include: {\n        userProgress: {\n          where: {\n            userId: 5\n                    ~\n          }\n        }\n      },\n      orderBy: {\n        position: \"asc\"\n      }\n    }\n  }\n}\n\nArgument `userId`: Invalid value provided. Expected StringFilter or String, provided Int.","serviceName":"lms-backend","timestamp":"2024-04-22T10:27:14.917Z"}
{"level":"error","message":"\nInvalid `prisma.course.findUnique()` invocation:\n\n{\n  where: {\n    id: \"34ea041e-60ba-468b-8a67-6d48725a5fe0\",\n    userId: 5\n  },\n  include: {\n    chapters: {\n      where: {\n        isPublished: true\n      },\n      include: {\n        userProgress: {\n          where: {\n            userId: 5\n                    ~\n          }\n        }\n      },\n      orderBy: {\n        position: \"asc\"\n      }\n    }\n  }\n}\n\nArgument `userId`: Invalid value provided. Expected StringFilter or String, provided Int.","serviceName":"lms-backend","timestamp":"2024-04-22T10:27:14.991Z"}
{"level":"error","message":"Cannot set headers after they are sent to the client","serviceName":"lms-backend","timestamp":"2024-04-22T10:27:15.707Z"}
{"level":"error","message":"\nInvalid `prisma.course.findUnique()` invocation:\n\n{\n  where: {\n    id: \"34ea041e-60ba-468b-8a67-6d48725a5fe0\",\n    userId: 5\n  },\n  include: {\n    chapters: {\n      where: {\n        isPublished: true\n      },\n      include: {\n        userProgress: {\n          where: {\n            userId: 5\n                    ~\n          }\n        }\n      },\n      orderBy: {\n        position: \"asc\"\n      }\n    }\n  }\n}\n\nArgument `userId`: Invalid value provided. Expected StringFilter or String, provided Int.","serviceName":"lms-backend","timestamp":"2024-04-22T10:29:09.067Z"}
{"level":"error","message":"\nInvalid `prisma.course.findUnique()` invocation:\n\n{\n  where: {\n    id: \"undefined\",\n    userId: 5\n  },\n  include: {\n    chapters: {\n      where: {\n        isPublished: true\n      },\n      include: {\n        userProgress: {\n          where: {\n            userId: 5\n                    ~\n          }\n        }\n      },\n      orderBy: {\n        position: \"asc\"\n      }\n    }\n  }\n}\n\nArgument `userId`: Invalid value provided. Expected StringFilter or String, provided Int.","serviceName":"lms-backend","timestamp":"2024-04-22T10:29:09.084Z"}
{"level":"error","message":"Cannot set headers after they are sent to the client","serviceName":"lms-backend","timestamp":"2024-04-22T10:29:09.585Z"}
{"level":"error","message":"\nInvalid `prisma.course.findUnique()` invocation:\n\n{\n  where: {\n    id: \"34ea041e-60ba-468b-8a67-6d48725a5fe0\",\n    userId: 5\n  },\n  include: {\n    chapters: {\n      where: {\n        isPublished: true\n      },\n      include: {\n        userProgress: {\n          where: {\n            userId: 5\n                    ~\n          }\n        }\n      },\n      orderBy: {\n        position: \"asc\"\n      }\n    }\n  }\n}\n\nArgument `userId`: Invalid value provided. Expected StringFilter or String, provided Int.","serviceName":"lms-backend","timestamp":"2024-04-22T10:29:58.332Z"}
{"level":"error","message":"Cannot set headers after they are sent to the client","serviceName":"lms-backend","timestamp":"2024-04-22T10:29:58.641Z"}
{"level":"error","message":"\nInvalid `prisma.course.findUnique()` invocation:\n\n{\n  where: {\n    id: \"34ea041e-60ba-468b-8a67-6d48725a5fe0\"\n  },\n  include: {\n    chapters: {\n      where: {\n        isPublished: true\n      },\n      include: {\n        userProgress: {\n          where: {\n            userId: 5\n                    ~\n          }\n        }\n      },\n      orderBy: {\n        position: \"asc\"\n      }\n    }\n  }\n}\n\nArgument `userId`: Invalid value provided. Expected StringFilter or String, provided Int.","serviceName":"lms-backend","timestamp":"2024-04-22T10:33:18.647Z"}
{"level":"error","message":"Cannot read properties of null (reading 'isFree')","serviceName":"lms-backend","timestamp":"2024-04-22T10:33:19.152Z"}
{"level":"error","message":"\nInvalid `prisma.course.findUnique()` invocation:\n\n{\n  where: {\n    id: \"34ea041e-60ba-468b-8a67-6d48725a5fe0\"\n  },\n  include: {\n    chapters: {\n      where: {\n        isPublished: true\n      },\n      include: {\n        userProgress: {\n          where: {\n            userId: 6\n                    ~\n          }\n        }\n      },\n      orderBy: {\n        position: \"asc\"\n      }\n    }\n  }\n}\n\nArgument `userId`: Invalid value provided. Expected StringFilter or String, provided Int.","serviceName":"lms-backend","timestamp":"2024-04-22T10:38:47.258Z"}
{"level":"error","message":"Access Denied","serviceName":"lms-backend","timestamp":"2024-04-22T10:38:48.104Z"}
{"level":"error","message":"Access Denied","serviceName":"lms-backend","timestamp":"2024-04-22T10:38:56.110Z"}
{"level":"error","message":"\nInvalid `prisma.course.findUnique()` invocation:\n\n{\n  where: {\n    id: \"34ea041e-60ba-468b-8a67-6d48725a5fe0\"\n  },\n  include: {\n    chapters: {\n      where: {\n        isPublished: true\n      },\n      include: {\n        userProgress: {\n          where: {\n            userId: 6\n                    ~\n          }\n        }\n      },\n      orderBy: {\n        position: \"asc\"\n      }\n    }\n  }\n}\n\nArgument `userId`: Invalid value provided. Expected StringFilter or String, provided Int.","serviceName":"lms-backend","timestamp":"2024-04-22T10:38:56.259Z"}
{"level":"error","message":"Access Denied","serviceName":"lms-backend","timestamp":"2024-04-22T10:38:56.901Z"}
{"level":"error","message":"\nInvalid `prisma.course.findUnique()` invocation:\n\n{\n  where: {\n    id: \"34ea041e-60ba-468b-8a67-6d48725a5fe0\"\n  },\n  include: {\n    chapters: {\n      where: {\n        isPublished: true\n      },\n      include: {\n        userProgress: {\n          where: {\n            userId: 5\n                    ~\n          }\n        }\n      },\n      orderBy: {\n        position: \"asc\"\n      }\n    }\n  }\n}\n\nArgument `userId`: Invalid value provided. Expected StringFilter or String, provided Int.","serviceName":"lms-backend","timestamp":"2024-04-22T10:45:30.998Z"}
{"level":"error","message":"Cannot read properties of null (reading 'isFree')","serviceName":"lms-backend","timestamp":"2024-04-22T10:45:32.350Z"}
{"level":"error","message":"\nInvalid `prisma.course.findUnique()` invocation:\n\n{\n  where: {\n    id: \"34ea041e-60ba-468b-8a67-6d48725a5fe0\"\n  },\n  include: {\n    chapters: {\n      where: {\n        isPublished: true\n      },\n      include: {\n        userProgress: {\n          where: {\n            userId: 5\n                    ~\n          }\n        }\n      },\n      orderBy: {\n        position: \"asc\"\n      }\n    }\n  }\n}\n\nArgument `userId`: Invalid value provided. Expected StringFilter or String, provided Int.","serviceName":"lms-backend","timestamp":"2024-04-22T10:47:22.323Z"}
{"level":"error","message":"Cannot read properties of null (reading 'isFree')","serviceName":"lms-backend","timestamp":"2024-04-22T10:47:22.879Z"}
{"level":"error","message":"\nInvalid `prisma.course.findUnique()` invocation:\n\n{\n  where: {\n    id: \"34ea041e-60ba-468b-8a67-6d48725a5fe0\"\n  },\n  include: {\n    chapters: {\n      where: {\n        isPublished: true\n      },\n      include: {\n        userProgress: {\n          where: {\n            userId: 5\n                    ~\n          }\n        }\n      },\n      orderBy: {\n        position: \"asc\"\n      }\n    }\n  }\n}\n\nArgument `userId`: Invalid value provided. Expected StringFilter or String, provided Int.","serviceName":"lms-backend","timestamp":"2024-04-22T10:52:00.631Z"}
{"level":"error","message":"Cannot read properties of null (reading 'isFree')","serviceName":"lms-backend","timestamp":"2024-04-22T10:52:01.269Z"}
{"level":"error","message":"\nInvalid `prisma.course.findUnique()` invocation:\n\n{\n  where: {\n    id: \"34ea041e-60ba-468b-8a67-6d48725a5fe0\"\n  },\n  include: {\n    chapters: {\n      where: {\n        isPublished: true\n      },\n      include: {\n        userProgress: {\n          where: {\n            userId: 5\n                    ~\n          }\n        }\n      },\n      orderBy: {\n        position: \"asc\"\n      }\n    }\n  }\n}\n\nArgument `userId`: Invalid value provided. Expected StringFilter or String, provided Int.","serviceName":"lms-backend","timestamp":"2024-04-22T10:56:48.975Z"}
{"level":"error","message":"Cannot read properties of null (reading 'isFree')","serviceName":"lms-backend","timestamp":"2024-04-22T10:56:49.553Z"}
{"level":"error","message":"\nInvalid `prisma.course.findUnique()` invocation:\n\n{\n  where: {\n    id: \"34ea041e-60ba-468b-8a67-6d48725a5fe0\"\n  },\n  include: {\n    chapters: {\n      where: {\n        isPublished: true\n      },\n      include: {\n        userProgress: {\n          where: {\n            userId: 5\n                    ~\n          }\n        }\n      },\n      orderBy: {\n        position: \"asc\"\n      }\n    }\n  }\n}\n\nArgument `userId`: Invalid value provided. Expected StringFilter or String, provided Int.","serviceName":"lms-backend","timestamp":"2024-04-22T10:57:27.228Z"}
{"level":"error","message":"Cannot read properties of null (reading 'isFree')","serviceName":"lms-backend","timestamp":"2024-04-22T10:57:27.625Z"}
{"level":"error","message":"\nInvalid `prisma.course.findUnique()` invocation:\n\n{\n  where: {\n    id: \"34ea041e-60ba-468b-8a67-6d48725a5fe0\"\n  },\n  include: {\n    chapters: {\n      where: {\n        isPublished: true\n      },\n      include: {\n        userProgress: {\n          where: {\n            userId: 5\n                    ~\n          }\n        }\n      },\n      orderBy: {\n        position: \"asc\"\n      }\n    }\n  }\n}\n\nArgument `userId`: Invalid value provided. Expected StringFilter or String, provided Int.","serviceName":"lms-backend","timestamp":"2024-04-22T11:01:55.766Z"}
{"level":"error","message":"Cannot read properties of null (reading 'isFree')","serviceName":"lms-backend","timestamp":"2024-04-22T11:01:56.066Z"}
{"level":"error","message":"Cannot read properties of null (reading 'isFree')","serviceName":"lms-backend","timestamp":"2024-04-22T11:04:36.431Z"}
{"level":"error","message":"Cannot read properties of null (reading 'isFree')","serviceName":"lms-backend","timestamp":"2024-04-22T11:10:16.028Z"}
{"level":"error","message":"Cannot read properties of undefined (reading 'id')","serviceName":"lms-backend","timestamp":"2024-04-22T14:42:25.343Z"}
{"level":"error","message":"Cannot read properties of null (reading 'isFree')","serviceName":"lms-backend","timestamp":"2024-04-22T14:46:08.458Z"}
{"level":"error","message":"Cannot read properties of null (reading 'isFree')","serviceName":"lms-backend","timestamp":"2024-04-22T14:46:32.845Z"}
{"level":"error","message":"Cannot read properties of null (reading 'isFree')","serviceName":"lms-backend","timestamp":"2024-04-22T14:46:58.856Z"}
{"level":"error","message":"Cannot read properties of null (reading 'isFree')","serviceName":"lms-backend","timestamp":"2024-04-22T14:47:49.108Z"}
{"level":"error","message":"Cannot read properties of null (reading 'isFree')","serviceName":"lms-backend","timestamp":"2024-04-22T18:00:45.840Z"}
{"level":"error","message":"Cannot read properties of null (reading 'isFree')","serviceName":"lms-backend","timestamp":"2024-04-22T18:31:36.381Z"}
{"level":"error","message":"Cannot read properties of null (reading 'isFree')","serviceName":"lms-backend","timestamp":"2024-04-22T19:12:22.056Z"}
{"level":"error","message":"Cannot read properties of null (reading 'isFree')","serviceName":"lms-backend","timestamp":"2024-04-22T19:12:34.987Z"}
{"level":"error","message":"Access Denied","serviceName":"lms-backend","timestamp":"2024-04-22T19:50:21.540Z"}
{"level":"error","message":"Access Denied","serviceName":"lms-backend","timestamp":"2024-04-22T19:50:21.759Z"}
{"level":"error","message":"Access Denied","serviceName":"lms-backend","timestamp":"2024-04-22T19:50:22.238Z"}
{"level":"error","message":"Access Denied","serviceName":"lms-backend","timestamp":"2024-04-22T19:50:22.498Z"}
{"level":"error","message":"Access Denied","serviceName":"lms-backend","timestamp":"2024-04-22T19:50:24.803Z"}
{"level":"error","message":"Access Denied","serviceName":"lms-backend","timestamp":"2024-04-22T19:50:24.808Z"}
{"level":"error","message":"Access Denied","serviceName":"lms-backend","timestamp":"2024-04-22T19:50:24.946Z"}
{"level":"error","message":"Cannot read properties of null (reading 'isFree')","serviceName":"lms-backend","timestamp":"2024-04-22T19:51:34.875Z"}
{"level":"error","message":"\nInvalid `prisma.course.findMany()` invocation:\n\n\nCan't reach database server at `ep-misty-firefly-a10sv9nf.ap-southeast-1.aws.neon.tech`:`5432`\n\nPlease make sure your database server is running at `ep-misty-firefly-a10sv9nf.ap-southeast-1.aws.neon.tech`:`5432`.","serviceName":"lms-backend","timestamp":"2024-04-23T08:50:44.593Z"}
